2018-05-20 19:40:45 [scrapy] INFO: Scrapy 1.0.3 started (bot: TencentSpider)
2018-05-20 19:40:45 [scrapy] INFO: Optional features available: ssl, http11, boto
2018-05-20 19:40:45 [scrapy] INFO: Overridden settings: {'NEWSPIDER_MODULE': 'TencentSpider.spiders', 'SPIDER_MODULES': ['TencentSpider.spiders'], 'LOG_FILE': 'tencentlog.log', 'LOG_LEVEL': 'INFO', 'BOT_NAME': 'TencentSpider'}
2018-05-20 19:40:46 [scrapy] INFO: Enabled extensions: CloseSpider, TelnetConsole, LogStats, CoreStats, SpiderState
2018-05-20 19:40:47 [boto] ERROR: Caught exception reading instance data
Traceback (most recent call last):
  File "/usr/lib/python2.7/dist-packages/boto/utils.py", line 210, in retry_url
    r = opener.open(req, timeout=timeout)
  File "/usr/lib/python2.7/urllib2.py", line 429, in open
    response = self._open(req, data)
  File "/usr/lib/python2.7/urllib2.py", line 447, in _open
    '_open', req)
  File "/usr/lib/python2.7/urllib2.py", line 407, in _call_chain
    result = func(*args)
  File "/usr/lib/python2.7/urllib2.py", line 1228, in http_open
    return self.do_open(httplib.HTTPConnection, req)
  File "/usr/lib/python2.7/urllib2.py", line 1198, in do_open
    raise URLError(err)
URLError: <urlopen error timed out>
2018-05-20 19:40:47 [boto] ERROR: Unable to read instance data, giving up
2018-05-20 19:40:47 [scrapy] INFO: Enabled downloader middlewares: HttpAuthMiddleware, DownloadTimeoutMiddleware, UserAgentMiddleware, RetryMiddleware, DefaultHeadersMiddleware, MetaRefreshMiddleware, HttpCompressionMiddleware, RedirectMiddleware, CookiesMiddleware, ChunkedTransferMiddleware, DownloaderStats
2018-05-20 19:40:47 [scrapy] INFO: Enabled spider middlewares: HttpErrorMiddleware, OffsiteMiddleware, RefererMiddleware, UrlLengthMiddleware, DepthMiddleware
2018-05-20 19:40:47 [scrapy] INFO: Enabled item pipelines: TencentPipeline
2018-05-20 19:40:47 [scrapy] INFO: Spider opened
2018-05-20 19:40:47 [scrapy] INFO: Crawled 0 pages (at 0 pages/min), scraped 0 items (at 0 items/min)
2018-05-20 19:40:49 [scrapy] ERROR: Spider error processing <GET https://hr.tencent.com/position.php?start=3850> (referer: https://hr.tencent.com/position.php?start=3890)
Traceback (most recent call last):
  File "/usr/lib/python2.7/dist-packages/scrapy/utils/defer.py", line 102, in iter_errback
    yield next(it)
  File "/usr/lib/python2.7/dist-packages/scrapy/spidermiddlewares/offsite.py", line 28, in process_spider_output
    for x in result:
  File "/usr/lib/python2.7/dist-packages/scrapy/spidermiddlewares/referer.py", line 22, in <genexpr>
    return (_set_referer(r) for r in result or ())
  File "/usr/lib/python2.7/dist-packages/scrapy/spidermiddlewares/urllength.py", line 37, in <genexpr>
    return (r for r in result or () if _filter(r))
  File "/usr/lib/python2.7/dist-packages/scrapy/spidermiddlewares/depth.py", line 54, in <genexpr>
    return (r for r in result or () if _filter(r))
  File "/usr/lib/python2.7/dist-packages/scrapy/spiders/crawl.py", line 69, in _parse_response
    for requests_or_item in iterate_spider_output(cb_res):
  File "/home/share/paichong/day05/TencentSpider/TencentSpider/spiders/tencent.py", line 37, in parseTencent
    item['positionType'] = each.xpath("./td[2]/text()").extract()[0]
IndexError: list index out of range
2018-05-20 19:40:49 [scrapy] ERROR: Spider error processing <GET https://hr.tencent.com/position.php?start=3760> (referer: https://hr.tencent.com/position.php?start=3800)
Traceback (most recent call last):
  File "/usr/lib/python2.7/dist-packages/scrapy/utils/defer.py", line 102, in iter_errback
    yield next(it)
  File "/usr/lib/python2.7/dist-packages/scrapy/spidermiddlewares/offsite.py", line 28, in process_spider_output
    for x in result:
  File "/usr/lib/python2.7/dist-packages/scrapy/spidermiddlewares/referer.py", line 22, in <genexpr>
    return (_set_referer(r) for r in result or ())
  File "/usr/lib/python2.7/dist-packages/scrapy/spidermiddlewares/urllength.py", line 37, in <genexpr>
    return (r for r in result or () if _filter(r))
  File "/usr/lib/python2.7/dist-packages/scrapy/spidermiddlewares/depth.py", line 54, in <genexpr>
    return (r for r in result or () if _filter(r))
  File "/usr/lib/python2.7/dist-packages/scrapy/spiders/crawl.py", line 69, in _parse_response
    for requests_or_item in iterate_spider_output(cb_res):
  File "/home/share/paichong/day05/TencentSpider/TencentSpider/spiders/tencent.py", line 37, in parseTencent
    item['positionType'] = each.xpath("./td[2]/text()").extract()[0]
IndexError: list index out of range
2018-05-20 19:40:50 [scrapy] ERROR: Spider error processing <GET https://hr.tencent.com/position.php?start=3730> (referer: https://hr.tencent.com/position.php?start=3770)
Traceback (most recent call last):
  File "/usr/lib/python2.7/dist-packages/scrapy/utils/defer.py", line 102, in iter_errback
    yield next(it)
  File "/usr/lib/python2.7/dist-packages/scrapy/spidermiddlewares/offsite.py", line 28, in process_spider_output
    for x in result:
  File "/usr/lib/python2.7/dist-packages/scrapy/spidermiddlewares/referer.py", line 22, in <genexpr>
    return (_set_referer(r) for r in result or ())
  File "/usr/lib/python2.7/dist-packages/scrapy/spidermiddlewares/urllength.py", line 37, in <genexpr>
    return (r for r in result or () if _filter(r))
  File "/usr/lib/python2.7/dist-packages/scrapy/spidermiddlewares/depth.py", line 54, in <genexpr>
    return (r for r in result or () if _filter(r))
  File "/usr/lib/python2.7/dist-packages/scrapy/spiders/crawl.py", line 69, in _parse_response
    for requests_or_item in iterate_spider_output(cb_res):
  File "/home/share/paichong/day05/TencentSpider/TencentSpider/spiders/tencent.py", line 37, in parseTencent
    item['positionType'] = each.xpath("./td[2]/text()").extract()[0]
IndexError: list index out of range
2018-05-20 19:40:50 [scrapy] ERROR: Spider error processing <GET https://hr.tencent.com/position.php?start=3700> (referer: https://hr.tencent.com/position.php?start=3740)
Traceback (most recent call last):
  File "/usr/lib/python2.7/dist-packages/scrapy/utils/defer.py", line 102, in iter_errback
    yield next(it)
  File "/usr/lib/python2.7/dist-packages/scrapy/spidermiddlewares/offsite.py", line 28, in process_spider_output
    for x in result:
  File "/usr/lib/python2.7/dist-packages/scrapy/spidermiddlewares/referer.py", line 22, in <genexpr>
    return (_set_referer(r) for r in result or ())
  File "/usr/lib/python2.7/dist-packages/scrapy/spidermiddlewares/urllength.py", line 37, in <genexpr>
    return (r for r in result or () if _filter(r))
  File "/usr/lib/python2.7/dist-packages/scrapy/spidermiddlewares/depth.py", line 54, in <genexpr>
    return (r for r in result or () if _filter(r))
  File "/usr/lib/python2.7/dist-packages/scrapy/spiders/crawl.py", line 69, in _parse_response
    for requests_or_item in iterate_spider_output(cb_res):
  File "/home/share/paichong/day05/TencentSpider/TencentSpider/spiders/tencent.py", line 37, in parseTencent
    item['positionType'] = each.xpath("./td[2]/text()").extract()[0]
IndexError: list index out of range
2018-05-20 19:40:50 [scrapy] ERROR: Spider error processing <GET https://hr.tencent.com/position.php?start=3680> (referer: https://hr.tencent.com/position.php?start=3720)
Traceback (most recent call last):
  File "/usr/lib/python2.7/dist-packages/scrapy/utils/defer.py", line 102, in iter_errback
    yield next(it)
  File "/usr/lib/python2.7/dist-packages/scrapy/spidermiddlewares/offsite.py", line 28, in process_spider_output
    for x in result:
  File "/usr/lib/python2.7/dist-packages/scrapy/spidermiddlewares/referer.py", line 22, in <genexpr>
    return (_set_referer(r) for r in result or ())
  File "/usr/lib/python2.7/dist-packages/scrapy/spidermiddlewares/urllength.py", line 37, in <genexpr>
    return (r for r in result or () if _filter(r))
  File "/usr/lib/python2.7/dist-packages/scrapy/spidermiddlewares/depth.py", line 54, in <genexpr>
    return (r for r in result or () if _filter(r))
  File "/usr/lib/python2.7/dist-packages/scrapy/spiders/crawl.py", line 69, in _parse_response
    for requests_or_item in iterate_spider_output(cb_res):
  File "/home/share/paichong/day05/TencentSpider/TencentSpider/spiders/tencent.py", line 37, in parseTencent
    item['positionType'] = each.xpath("./td[2]/text()").extract()[0]
IndexError: list index out of range
2018-05-20 19:40:51 [scrapy] ERROR: Spider error processing <GET https://hr.tencent.com/position.php?start=3640> (referer: https://hr.tencent.com/position.php?start=3670)
Traceback (most recent call last):
  File "/usr/lib/python2.7/dist-packages/scrapy/utils/defer.py", line 102, in iter_errback
    yield next(it)
  File "/usr/lib/python2.7/dist-packages/scrapy/spidermiddlewares/offsite.py", line 28, in process_spider_output
    for x in result:
  File "/usr/lib/python2.7/dist-packages/scrapy/spidermiddlewares/referer.py", line 22, in <genexpr>
    return (_set_referer(r) for r in result or ())
  File "/usr/lib/python2.7/dist-packages/scrapy/spidermiddlewares/urllength.py", line 37, in <genexpr>
    return (r for r in result or () if _filter(r))
  File "/usr/lib/python2.7/dist-packages/scrapy/spidermiddlewares/depth.py", line 54, in <genexpr>
    return (r for r in result or () if _filter(r))
  File "/usr/lib/python2.7/dist-packages/scrapy/spiders/crawl.py", line 69, in _parse_response
    for requests_or_item in iterate_spider_output(cb_res):
  File "/home/share/paichong/day05/TencentSpider/TencentSpider/spiders/tencent.py", line 37, in parseTencent
    item['positionType'] = each.xpath("./td[2]/text()").extract()[0]
IndexError: list index out of range
2018-05-20 19:40:52 [scrapy] ERROR: Spider error processing <GET https://hr.tencent.com/position.php?start=450> (referer: https://hr.tencent.com/position.php?start=420)
Traceback (most recent call last):
  File "/usr/lib/python2.7/dist-packages/scrapy/utils/defer.py", line 102, in iter_errback
    yield next(it)
  File "/usr/lib/python2.7/dist-packages/scrapy/spidermiddlewares/offsite.py", line 28, in process_spider_output
    for x in result:
  File "/usr/lib/python2.7/dist-packages/scrapy/spidermiddlewares/referer.py", line 22, in <genexpr>
    return (_set_referer(r) for r in result or ())
  File "/usr/lib/python2.7/dist-packages/scrapy/spidermiddlewares/urllength.py", line 37, in <genexpr>
    return (r for r in result or () if _filter(r))
  File "/usr/lib/python2.7/dist-packages/scrapy/spidermiddlewares/depth.py", line 54, in <genexpr>
    return (r for r in result or () if _filter(r))
  File "/usr/lib/python2.7/dist-packages/scrapy/spiders/crawl.py", line 69, in _parse_response
    for requests_or_item in iterate_spider_output(cb_res):
  File "/home/share/paichong/day05/TencentSpider/TencentSpider/spiders/tencent.py", line 37, in parseTencent
    item['positionType'] = each.xpath("./td[2]/text()").extract()[0]
IndexError: list index out of range
2018-05-20 19:40:52 [scrapy] ERROR: Spider error processing <GET https://hr.tencent.com/position.php?start=470> (referer: https://hr.tencent.com/position.php?start=440)
Traceback (most recent call last):
  File "/usr/lib/python2.7/dist-packages/scrapy/utils/defer.py", line 102, in iter_errback
    yield next(it)
  File "/usr/lib/python2.7/dist-packages/scrapy/spidermiddlewares/offsite.py", line 28, in process_spider_output
    for x in result:
  File "/usr/lib/python2.7/dist-packages/scrapy/spidermiddlewares/referer.py", line 22, in <genexpr>
    return (_set_referer(r) for r in result or ())
  File "/usr/lib/python2.7/dist-packages/scrapy/spidermiddlewares/urllength.py", line 37, in <genexpr>
    return (r for r in result or () if _filter(r))
  File "/usr/lib/python2.7/dist-packages/scrapy/spidermiddlewares/depth.py", line 54, in <genexpr>
    return (r for r in result or () if _filter(r))
  File "/usr/lib/python2.7/dist-packages/scrapy/spiders/crawl.py", line 69, in _parse_response
    for requests_or_item in iterate_spider_output(cb_res):
  File "/home/share/paichong/day05/TencentSpider/TencentSpider/spiders/tencent.py", line 37, in parseTencent
    item['positionType'] = each.xpath("./td[2]/text()").extract()[0]
IndexError: list index out of range
2018-05-20 19:40:52 [scrapy] ERROR: Spider error processing <GET https://hr.tencent.com/position.php?start=490> (referer: https://hr.tencent.com/position.php?start=460)
Traceback (most recent call last):
  File "/usr/lib/python2.7/dist-packages/scrapy/utils/defer.py", line 102, in iter_errback
    yield next(it)
  File "/usr/lib/python2.7/dist-packages/scrapy/spidermiddlewares/offsite.py", line 28, in process_spider_output
    for x in result:
  File "/usr/lib/python2.7/dist-packages/scrapy/spidermiddlewares/referer.py", line 22, in <genexpr>
    return (_set_referer(r) for r in result or ())
  File "/usr/lib/python2.7/dist-packages/scrapy/spidermiddlewares/urllength.py", line 37, in <genexpr>
    return (r for r in result or () if _filter(r))
  File "/usr/lib/python2.7/dist-packages/scrapy/spidermiddlewares/depth.py", line 54, in <genexpr>
    return (r for r in result or () if _filter(r))
  File "/usr/lib/python2.7/dist-packages/scrapy/spiders/crawl.py", line 69, in _parse_response
    for requests_or_item in iterate_spider_output(cb_res):
  File "/home/share/paichong/day05/TencentSpider/TencentSpider/spiders/tencent.py", line 37, in parseTencent
    item['positionType'] = each.xpath("./td[2]/text()").extract()[0]
IndexError: list index out of range
2018-05-20 19:40:52 [scrapy] ERROR: Spider error processing <GET https://hr.tencent.com/position.php?start=3440> (referer: https://hr.tencent.com/position.php?start=3480)
Traceback (most recent call last):
  File "/usr/lib/python2.7/dist-packages/scrapy/utils/defer.py", line 102, in iter_errback
    yield next(it)
  File "/usr/lib/python2.7/dist-packages/scrapy/spidermiddlewares/offsite.py", line 28, in process_spider_output
    for x in result:
  File "/usr/lib/python2.7/dist-packages/scrapy/spidermiddlewares/referer.py", line 22, in <genexpr>
    return (_set_referer(r) for r in result or ())
  File "/usr/lib/python2.7/dist-packages/scrapy/spidermiddlewares/urllength.py", line 37, in <genexpr>
    return (r for r in result or () if _filter(r))
  File "/usr/lib/python2.7/dist-packages/scrapy/spidermiddlewares/depth.py", line 54, in <genexpr>
    return (r for r in result or () if _filter(r))
  File "/usr/lib/python2.7/dist-packages/scrapy/spiders/crawl.py", line 69, in _parse_response
    for requests_or_item in iterate_spider_output(cb_res):
  File "/home/share/paichong/day05/TencentSpider/TencentSpider/spiders/tencent.py", line 37, in parseTencent
    item['positionType'] = each.xpath("./td[2]/text()").extract()[0]
IndexError: list index out of range
2018-05-20 19:40:56 [scrapy] ERROR: Spider error processing <GET https://hr.tencent.com/position.php?start=2970> (referer: https://hr.tencent.com/position.php?start=3010)
Traceback (most recent call last):
  File "/usr/lib/python2.7/dist-packages/scrapy/utils/defer.py", line 102, in iter_errback
    yield next(it)
  File "/usr/lib/python2.7/dist-packages/scrapy/spidermiddlewares/offsite.py", line 28, in process_spider_output
    for x in result:
  File "/usr/lib/python2.7/dist-packages/scrapy/spidermiddlewares/referer.py", line 22, in <genexpr>
    return (_set_referer(r) for r in result or ())
  File "/usr/lib/python2.7/dist-packages/scrapy/spidermiddlewares/urllength.py", line 37, in <genexpr>
    return (r for r in result or () if _filter(r))
  File "/usr/lib/python2.7/dist-packages/scrapy/spidermiddlewares/depth.py", line 54, in <genexpr>
    return (r for r in result or () if _filter(r))
  File "/usr/lib/python2.7/dist-packages/scrapy/spiders/crawl.py", line 69, in _parse_response
    for requests_or_item in iterate_spider_output(cb_res):
  File "/home/share/paichong/day05/TencentSpider/TencentSpider/spiders/tencent.py", line 37, in parseTencent
    item['positionType'] = each.xpath("./td[2]/text()").extract()[0]
IndexError: list index out of range
2018-05-20 19:40:57 [scrapy] ERROR: Spider error processing <GET https://hr.tencent.com/position.php?start=2860> (referer: https://hr.tencent.com/position.php?start=2880)
Traceback (most recent call last):
  File "/usr/lib/python2.7/dist-packages/scrapy/utils/defer.py", line 102, in iter_errback
    yield next(it)
  File "/usr/lib/python2.7/dist-packages/scrapy/spidermiddlewares/offsite.py", line 28, in process_spider_output
    for x in result:
  File "/usr/lib/python2.7/dist-packages/scrapy/spidermiddlewares/referer.py", line 22, in <genexpr>
    return (_set_referer(r) for r in result or ())
  File "/usr/lib/python2.7/dist-packages/scrapy/spidermiddlewares/urllength.py", line 37, in <genexpr>
    return (r for r in result or () if _filter(r))
  File "/usr/lib/python2.7/dist-packages/scrapy/spidermiddlewares/depth.py", line 54, in <genexpr>
    return (r for r in result or () if _filter(r))
  File "/usr/lib/python2.7/dist-packages/scrapy/spiders/crawl.py", line 69, in _parse_response
    for requests_or_item in iterate_spider_output(cb_res):
  File "/home/share/paichong/day05/TencentSpider/TencentSpider/spiders/tencent.py", line 37, in parseTencent
    item['positionType'] = each.xpath("./td[2]/text()").extract()[0]
IndexError: list index out of range
2018-05-20 19:40:57 [scrapy] ERROR: Spider error processing <GET https://hr.tencent.com/position.php?start=960> (referer: https://hr.tencent.com/position.php?start=930)
Traceback (most recent call last):
  File "/usr/lib/python2.7/dist-packages/scrapy/utils/defer.py", line 102, in iter_errback
    yield next(it)
  File "/usr/lib/python2.7/dist-packages/scrapy/spidermiddlewares/offsite.py", line 28, in process_spider_output
    for x in result:
  File "/usr/lib/python2.7/dist-packages/scrapy/spidermiddlewares/referer.py", line 22, in <genexpr>
    return (_set_referer(r) for r in result or ())
  File "/usr/lib/python2.7/dist-packages/scrapy/spidermiddlewares/urllength.py", line 37, in <genexpr>
    return (r for r in result or () if _filter(r))
  File "/usr/lib/python2.7/dist-packages/scrapy/spidermiddlewares/depth.py", line 54, in <genexpr>
    return (r for r in result or () if _filter(r))
  File "/usr/lib/python2.7/dist-packages/scrapy/spiders/crawl.py", line 69, in _parse_response
    for requests_or_item in iterate_spider_output(cb_res):
  File "/home/share/paichong/day05/TencentSpider/TencentSpider/spiders/tencent.py", line 37, in parseTencent
    item['positionType'] = each.xpath("./td[2]/text()").extract()[0]
IndexError: list index out of range
2018-05-20 19:40:58 [scrapy] ERROR: Spider error processing <GET https://hr.tencent.com/position.php?start=1080> (referer: https://hr.tencent.com/position.php?start=1050)
Traceback (most recent call last):
  File "/usr/lib/python2.7/dist-packages/scrapy/utils/defer.py", line 102, in iter_errback
    yield next(it)
  File "/usr/lib/python2.7/dist-packages/scrapy/spidermiddlewares/offsite.py", line 28, in process_spider_output
    for x in result:
  File "/usr/lib/python2.7/dist-packages/scrapy/spidermiddlewares/referer.py", line 22, in <genexpr>
    return (_set_referer(r) for r in result or ())
  File "/usr/lib/python2.7/dist-packages/scrapy/spidermiddlewares/urllength.py", line 37, in <genexpr>
    return (r for r in result or () if _filter(r))
  File "/usr/lib/python2.7/dist-packages/scrapy/spidermiddlewares/depth.py", line 54, in <genexpr>
    return (r for r in result or () if _filter(r))
  File "/usr/lib/python2.7/dist-packages/scrapy/spiders/crawl.py", line 69, in _parse_response
    for requests_or_item in iterate_spider_output(cb_res):
  File "/home/share/paichong/day05/TencentSpider/TencentSpider/spiders/tencent.py", line 37, in parseTencent
    item['positionType'] = each.xpath("./td[2]/text()").extract()[0]
IndexError: list index out of range
2018-05-20 19:40:59 [scrapy] ERROR: Spider error processing <GET https://hr.tencent.com/position.php?start=1180> (referer: https://hr.tencent.com/position.php?start=1150)
Traceback (most recent call last):
  File "/usr/lib/python2.7/dist-packages/scrapy/utils/defer.py", line 102, in iter_errback
    yield next(it)
  File "/usr/lib/python2.7/dist-packages/scrapy/spidermiddlewares/offsite.py", line 28, in process_spider_output
    for x in result:
  File "/usr/lib/python2.7/dist-packages/scrapy/spidermiddlewares/referer.py", line 22, in <genexpr>
    return (_set_referer(r) for r in result or ())
  File "/usr/lib/python2.7/dist-packages/scrapy/spidermiddlewares/urllength.py", line 37, in <genexpr>
    return (r for r in result or () if _filter(r))
  File "/usr/lib/python2.7/dist-packages/scrapy/spidermiddlewares/depth.py", line 54, in <genexpr>
    return (r for r in result or () if _filter(r))
  File "/usr/lib/python2.7/dist-packages/scrapy/spiders/crawl.py", line 69, in _parse_response
    for requests_or_item in iterate_spider_output(cb_res):
  File "/home/share/paichong/day05/TencentSpider/TencentSpider/spiders/tencent.py", line 37, in parseTencent
    item['positionType'] = each.xpath("./td[2]/text()").extract()[0]
IndexError: list index out of range
2018-05-20 19:41:00 [scrapy] ERROR: Spider error processing <GET https://hr.tencent.com/position.php?start=2410> (referer: https://hr.tencent.com/position.php?start=2440)
Traceback (most recent call last):
  File "/usr/lib/python2.7/dist-packages/scrapy/utils/defer.py", line 102, in iter_errback
    yield next(it)
  File "/usr/lib/python2.7/dist-packages/scrapy/spidermiddlewares/offsite.py", line 28, in process_spider_output
    for x in result:
  File "/usr/lib/python2.7/dist-packages/scrapy/spidermiddlewares/referer.py", line 22, in <genexpr>
    return (_set_referer(r) for r in result or ())
  File "/usr/lib/python2.7/dist-packages/scrapy/spidermiddlewares/urllength.py", line 37, in <genexpr>
    return (r for r in result or () if _filter(r))
  File "/usr/lib/python2.7/dist-packages/scrapy/spidermiddlewares/depth.py", line 54, in <genexpr>
    return (r for r in result or () if _filter(r))
  File "/usr/lib/python2.7/dist-packages/scrapy/spiders/crawl.py", line 69, in _parse_response
    for requests_or_item in iterate_spider_output(cb_res):
  File "/home/share/paichong/day05/TencentSpider/TencentSpider/spiders/tencent.py", line 37, in parseTencent
    item['positionType'] = each.xpath("./td[2]/text()").extract()[0]
IndexError: list index out of range
2018-05-20 19:41:00 [scrapy] ERROR: Spider error processing <GET https://hr.tencent.com/position.php?start=2400> (referer: https://hr.tencent.com/position.php?start=2440)
Traceback (most recent call last):
  File "/usr/lib/python2.7/dist-packages/scrapy/utils/defer.py", line 102, in iter_errback
    yield next(it)
  File "/usr/lib/python2.7/dist-packages/scrapy/spidermiddlewares/offsite.py", line 28, in process_spider_output
    for x in result:
  File "/usr/lib/python2.7/dist-packages/scrapy/spidermiddlewares/referer.py", line 22, in <genexpr>
    return (_set_referer(r) for r in result or ())
  File "/usr/lib/python2.7/dist-packages/scrapy/spidermiddlewares/urllength.py", line 37, in <genexpr>
    return (r for r in result or () if _filter(r))
  File "/usr/lib/python2.7/dist-packages/scrapy/spidermiddlewares/depth.py", line 54, in <genexpr>
    return (r for r in result or () if _filter(r))
  File "/usr/lib/python2.7/dist-packages/scrapy/spiders/crawl.py", line 69, in _parse_response
    for requests_or_item in iterate_spider_output(cb_res):
  File "/home/share/paichong/day05/TencentSpider/TencentSpider/spiders/tencent.py", line 37, in parseTencent
    item['positionType'] = each.xpath("./td[2]/text()").extract()[0]
IndexError: list index out of range
2018-05-20 19:41:01 [scrapy] ERROR: Spider error processing <GET https://hr.tencent.com/position.php?start=2350> (referer: https://hr.tencent.com/position.php?start=2390)
Traceback (most recent call last):
  File "/usr/lib/python2.7/dist-packages/scrapy/utils/defer.py", line 102, in iter_errback
    yield next(it)
  File "/usr/lib/python2.7/dist-packages/scrapy/spidermiddlewares/offsite.py", line 28, in process_spider_output
    for x in result:
  File "/usr/lib/python2.7/dist-packages/scrapy/spidermiddlewares/referer.py", line 22, in <genexpr>
    return (_set_referer(r) for r in result or ())
  File "/usr/lib/python2.7/dist-packages/scrapy/spidermiddlewares/urllength.py", line 37, in <genexpr>
    return (r for r in result or () if _filter(r))
  File "/usr/lib/python2.7/dist-packages/scrapy/spidermiddlewares/depth.py", line 54, in <genexpr>
    return (r for r in result or () if _filter(r))
  File "/usr/lib/python2.7/dist-packages/scrapy/spiders/crawl.py", line 69, in _parse_response
    for requests_or_item in iterate_spider_output(cb_res):
  File "/home/share/paichong/day05/TencentSpider/TencentSpider/spiders/tencent.py", line 37, in parseTencent
    item['positionType'] = each.xpath("./td[2]/text()").extract()[0]
IndexError: list index out of range
2018-05-20 19:41:01 [scrapy] ERROR: Spider error processing <GET https://hr.tencent.com/position.php?start=1360> (referer: https://hr.tencent.com/position.php?start=1330)
Traceback (most recent call last):
  File "/usr/lib/python2.7/dist-packages/scrapy/utils/defer.py", line 102, in iter_errback
    yield next(it)
  File "/usr/lib/python2.7/dist-packages/scrapy/spidermiddlewares/offsite.py", line 28, in process_spider_output
    for x in result:
  File "/usr/lib/python2.7/dist-packages/scrapy/spidermiddlewares/referer.py", line 22, in <genexpr>
    return (_set_referer(r) for r in result or ())
  File "/usr/lib/python2.7/dist-packages/scrapy/spidermiddlewares/urllength.py", line 37, in <genexpr>
    return (r for r in result or () if _filter(r))
  File "/usr/lib/python2.7/dist-packages/scrapy/spidermiddlewares/depth.py", line 54, in <genexpr>
    return (r for r in result or () if _filter(r))
  File "/usr/lib/python2.7/dist-packages/scrapy/spiders/crawl.py", line 69, in _parse_response
    for requests_or_item in iterate_spider_output(cb_res):
  File "/home/share/paichong/day05/TencentSpider/TencentSpider/spiders/tencent.py", line 37, in parseTencent
    item['positionType'] = each.xpath("./td[2]/text()").extract()[0]
IndexError: list index out of range
2018-05-20 19:41:01 [scrapy] ERROR: Spider error processing <GET https://hr.tencent.com/position.php?start=1370> (referer: https://hr.tencent.com/position.php?start=1340)
Traceback (most recent call last):
  File "/usr/lib/python2.7/dist-packages/scrapy/utils/defer.py", line 102, in iter_errback
    yield next(it)
  File "/usr/lib/python2.7/dist-packages/scrapy/spidermiddlewares/offsite.py", line 28, in process_spider_output
    for x in result:
  File "/usr/lib/python2.7/dist-packages/scrapy/spidermiddlewares/referer.py", line 22, in <genexpr>
    return (_set_referer(r) for r in result or ())
  File "/usr/lib/python2.7/dist-packages/scrapy/spidermiddlewares/urllength.py", line 37, in <genexpr>
    return (r for r in result or () if _filter(r))
  File "/usr/lib/python2.7/dist-packages/scrapy/spidermiddlewares/depth.py", line 54, in <genexpr>
    return (r for r in result or () if _filter(r))
  File "/usr/lib/python2.7/dist-packages/scrapy/spiders/crawl.py", line 69, in _parse_response
    for requests_or_item in iterate_spider_output(cb_res):
  File "/home/share/paichong/day05/TencentSpider/TencentSpider/spiders/tencent.py", line 37, in parseTencent
    item['positionType'] = each.xpath("./td[2]/text()").extract()[0]
IndexError: list index out of range
2018-05-20 19:41:02 [scrapy] ERROR: Spider error processing <GET https://hr.tencent.com/position.php?start=1420> (referer: https://hr.tencent.com/position.php?start=1390)
Traceback (most recent call last):
  File "/usr/lib/python2.7/dist-packages/scrapy/utils/defer.py", line 102, in iter_errback
    yield next(it)
  File "/usr/lib/python2.7/dist-packages/scrapy/spidermiddlewares/offsite.py", line 28, in process_spider_output
    for x in result:
  File "/usr/lib/python2.7/dist-packages/scrapy/spidermiddlewares/referer.py", line 22, in <genexpr>
    return (_set_referer(r) for r in result or ())
  File "/usr/lib/python2.7/dist-packages/scrapy/spidermiddlewares/urllength.py", line 37, in <genexpr>
    return (r for r in result or () if _filter(r))
  File "/usr/lib/python2.7/dist-packages/scrapy/spidermiddlewares/depth.py", line 54, in <genexpr>
    return (r for r in result or () if _filter(r))
  File "/usr/lib/python2.7/dist-packages/scrapy/spiders/crawl.py", line 69, in _parse_response
    for requests_or_item in iterate_spider_output(cb_res):
  File "/home/share/paichong/day05/TencentSpider/TencentSpider/spiders/tencent.py", line 37, in parseTencent
    item['positionType'] = each.xpath("./td[2]/text()").extract()[0]
IndexError: list index out of range
2018-05-20 19:41:02 [scrapy] ERROR: Spider error processing <GET https://hr.tencent.com/position.php?start=2130> (referer: https://hr.tencent.com/position.php?start=2160)
Traceback (most recent call last):
  File "/usr/lib/python2.7/dist-packages/scrapy/utils/defer.py", line 102, in iter_errback
    yield next(it)
  File "/usr/lib/python2.7/dist-packages/scrapy/spidermiddlewares/offsite.py", line 28, in process_spider_output
    for x in result:
  File "/usr/lib/python2.7/dist-packages/scrapy/spidermiddlewares/referer.py", line 22, in <genexpr>
    return (_set_referer(r) for r in result or ())
  File "/usr/lib/python2.7/dist-packages/scrapy/spidermiddlewares/urllength.py", line 37, in <genexpr>
    return (r for r in result or () if _filter(r))
  File "/usr/lib/python2.7/dist-packages/scrapy/spidermiddlewares/depth.py", line 54, in <genexpr>
    return (r for r in result or () if _filter(r))
  File "/usr/lib/python2.7/dist-packages/scrapy/spiders/crawl.py", line 69, in _parse_response
    for requests_or_item in iterate_spider_output(cb_res):
  File "/home/share/paichong/day05/TencentSpider/TencentSpider/spiders/tencent.py", line 37, in parseTencent
    item['positionType'] = each.xpath("./td[2]/text()").extract()[0]
IndexError: list index out of range
2018-05-20 19:41:02 [scrapy] ERROR: Spider error processing <GET https://hr.tencent.com/position.php?start=2120> (referer: https://hr.tencent.com/position.php?start=2160)
Traceback (most recent call last):
  File "/usr/lib/python2.7/dist-packages/scrapy/utils/defer.py", line 102, in iter_errback
    yield next(it)
  File "/usr/lib/python2.7/dist-packages/scrapy/spidermiddlewares/offsite.py", line 28, in process_spider_output
    for x in result:
  File "/usr/lib/python2.7/dist-packages/scrapy/spidermiddlewares/referer.py", line 22, in <genexpr>
    return (_set_referer(r) for r in result or ())
  File "/usr/lib/python2.7/dist-packages/scrapy/spidermiddlewares/urllength.py", line 37, in <genexpr>
    return (r for r in result or () if _filter(r))
  File "/usr/lib/python2.7/dist-packages/scrapy/spidermiddlewares/depth.py", line 54, in <genexpr>
    return (r for r in result or () if _filter(r))
  File "/usr/lib/python2.7/dist-packages/scrapy/spiders/crawl.py", line 69, in _parse_response
    for requests_or_item in iterate_spider_output(cb_res):
  File "/home/share/paichong/day05/TencentSpider/TencentSpider/spiders/tencent.py", line 37, in parseTencent
    item['positionType'] = each.xpath("./td[2]/text()").extract()[0]
IndexError: list index out of range
2018-05-20 19:41:04 [scrapy] ERROR: Spider error processing <GET https://hr.tencent.com/position.php?start=1950> (referer: https://hr.tencent.com/position.php?start=1980)
Traceback (most recent call last):
  File "/usr/lib/python2.7/dist-packages/scrapy/utils/defer.py", line 102, in iter_errback
    yield next(it)
  File "/usr/lib/python2.7/dist-packages/scrapy/spidermiddlewares/offsite.py", line 28, in process_spider_output
    for x in result:
  File "/usr/lib/python2.7/dist-packages/scrapy/spidermiddlewares/referer.py", line 22, in <genexpr>
    return (_set_referer(r) for r in result or ())
  File "/usr/lib/python2.7/dist-packages/scrapy/spidermiddlewares/urllength.py", line 37, in <genexpr>
    return (r for r in result or () if _filter(r))
  File "/usr/lib/python2.7/dist-packages/scrapy/spidermiddlewares/depth.py", line 54, in <genexpr>
    return (r for r in result or () if _filter(r))
  File "/usr/lib/python2.7/dist-packages/scrapy/spiders/crawl.py", line 69, in _parse_response
    for requests_or_item in iterate_spider_output(cb_res):
  File "/home/share/paichong/day05/TencentSpider/TencentSpider/spiders/tencent.py", line 37, in parseTencent
    item['positionType'] = each.xpath("./td[2]/text()").extract()[0]
IndexError: list index out of range
2018-05-20 19:41:04 [scrapy] ERROR: Spider error processing <GET https://hr.tencent.com/position.php?start=1650> (referer: https://hr.tencent.com/position.php?start=1620)
Traceback (most recent call last):
  File "/usr/lib/python2.7/dist-packages/scrapy/utils/defer.py", line 102, in iter_errback
    yield next(it)
  File "/usr/lib/python2.7/dist-packages/scrapy/spidermiddlewares/offsite.py", line 28, in process_spider_output
    for x in result:
  File "/usr/lib/python2.7/dist-packages/scrapy/spidermiddlewares/referer.py", line 22, in <genexpr>
    return (_set_referer(r) for r in result or ())
  File "/usr/lib/python2.7/dist-packages/scrapy/spidermiddlewares/urllength.py", line 37, in <genexpr>
    return (r for r in result or () if _filter(r))
  File "/usr/lib/python2.7/dist-packages/scrapy/spidermiddlewares/depth.py", line 54, in <genexpr>
    return (r for r in result or () if _filter(r))
  File "/usr/lib/python2.7/dist-packages/scrapy/spiders/crawl.py", line 69, in _parse_response
    for requests_or_item in iterate_spider_output(cb_res):
  File "/home/share/paichong/day05/TencentSpider/TencentSpider/spiders/tencent.py", line 37, in parseTencent
    item['positionType'] = each.xpath("./td[2]/text()").extract()[0]
IndexError: list index out of range
2018-05-20 19:41:05 [scrapy] ERROR: Spider error processing <GET https://hr.tencent.com/position.php?start=1690> (referer: https://hr.tencent.com/position.php?start=1660)
Traceback (most recent call last):
  File "/usr/lib/python2.7/dist-packages/scrapy/utils/defer.py", line 102, in iter_errback
    yield next(it)
  File "/usr/lib/python2.7/dist-packages/scrapy/spidermiddlewares/offsite.py", line 28, in process_spider_output
    for x in result:
  File "/usr/lib/python2.7/dist-packages/scrapy/spidermiddlewares/referer.py", line 22, in <genexpr>
    return (_set_referer(r) for r in result or ())
  File "/usr/lib/python2.7/dist-packages/scrapy/spidermiddlewares/urllength.py", line 37, in <genexpr>
    return (r for r in result or () if _filter(r))
  File "/usr/lib/python2.7/dist-packages/scrapy/spidermiddlewares/depth.py", line 54, in <genexpr>
    return (r for r in result or () if _filter(r))
  File "/usr/lib/python2.7/dist-packages/scrapy/spiders/crawl.py", line 69, in _parse_response
    for requests_or_item in iterate_spider_output(cb_res):
  File "/home/share/paichong/day05/TencentSpider/TencentSpider/spiders/tencent.py", line 37, in parseTencent
    item['positionType'] = each.xpath("./td[2]/text()").extract()[0]
IndexError: list index out of range
2018-05-20 19:41:05 [scrapy] INFO: Closing spider (finished)
2018-05-20 19:41:05 [scrapy] INFO: Dumping Scrapy stats:
{'downloader/request_bytes': 135437,
 'downloader/request_count': 402,
 'downloader/request_method_count/GET': 402,
 'downloader/response_bytes': 1571947,
 'downloader/response_count': 402,
 'downloader/response_status_count/200': 401,
 'downloader/response_status_count/301': 1,
 'dupefilter/filtered': 2596,
 'finish_reason': 'finished',
 'finish_time': datetime.datetime(2018, 5, 20, 11, 41, 5, 595119),
 'item_scraped_count': 3850,
 'log_count/ERROR': 28,
 'log_count/INFO': 7,
 'request_depth_max': 59,
 'response_received_count': 401,
 'scheduler/dequeued': 402,
 'scheduler/dequeued/memory': 402,
 'scheduler/enqueued': 402,
 'scheduler/enqueued/memory': 402,
 'spider_exceptions/IndexError': 26,
 'start_time': datetime.datetime(2018, 5, 20, 11, 40, 47, 316347)}
2018-05-20 19:41:05 [scrapy] INFO: Spider closed (finished)
2018-05-20 19:47:15 [scrapy] INFO: Scrapy 1.0.3 started (bot: TencentSpider)
2018-05-20 19:47:15 [scrapy] INFO: Optional features available: ssl, http11, boto
2018-05-20 19:47:15 [scrapy] INFO: Overridden settings: {'NEWSPIDER_MODULE': 'TencentSpider.spiders', 'LOG_LEVEL': 'INFO', 'SPIDER_MODULES': ['TencentSpider.spiders'], 'BOT_NAME': 'TencentSpider', 'LOGSTATS_INTERVAL': 0, 'LOG_FILE': 'tencentlog.log'}
2018-05-20 19:47:15 [scrapy] INFO: Enabled extensions: CloseSpider, TelnetConsole, CoreStats, SpiderState
2018-05-20 19:47:16 [boto] ERROR: Caught exception reading instance data
Traceback (most recent call last):
  File "/usr/lib/python2.7/dist-packages/boto/utils.py", line 210, in retry_url
    r = opener.open(req, timeout=timeout)
  File "/usr/lib/python2.7/urllib2.py", line 429, in open
    response = self._open(req, data)
  File "/usr/lib/python2.7/urllib2.py", line 447, in _open
    '_open', req)
  File "/usr/lib/python2.7/urllib2.py", line 407, in _call_chain
    result = func(*args)
  File "/usr/lib/python2.7/urllib2.py", line 1228, in http_open
    return self.do_open(httplib.HTTPConnection, req)
  File "/usr/lib/python2.7/urllib2.py", line 1198, in do_open
    raise URLError(err)
URLError: <urlopen error timed out>
2018-05-20 19:47:16 [boto] ERROR: Unable to read instance data, giving up
2018-05-20 19:47:16 [scrapy] INFO: Enabled downloader middlewares: HttpAuthMiddleware, DownloadTimeoutMiddleware, UserAgentMiddleware, RetryMiddleware, DefaultHeadersMiddleware, MetaRefreshMiddleware, HttpCompressionMiddleware, RedirectMiddleware, CookiesMiddleware, ChunkedTransferMiddleware, DownloaderStats
2018-05-20 19:47:16 [scrapy] INFO: Enabled spider middlewares: HttpErrorMiddleware, OffsiteMiddleware, RefererMiddleware, UrlLengthMiddleware, DepthMiddleware
2018-05-20 19:47:16 [scrapy] INFO: Enabled item pipelines: TencentPipeline
2018-05-20 19:47:16 [scrapy] INFO: Spider opened
